[35m[Appium][39m Welcome to Appium v1.10.1
[35m[Appium][39m Non-default server args:
[35m[Appium][39m   port: 64258
[35m[Appium][39m   loglevel: info
[35m[Appium][39m   chromeDriverPort: 64259
[35m[Appium][39m   tmpDir: C:\Users\Jose\AppData\Local\Temp\\Katalon\Appium\Temp1692088079383
[35m[Appium][39m Appium REST http interface listener started on 0.0.0.0:64258
[35m[HTTP][39m [37m-->[39m [37mGET[39m [37m/wd/hub/status[39m
[35m[HTTP][39m [90m{}[39m
[35m[HTTP][39m [37m<-- GET /wd/hub/status [39m[32m200[39m [90m14 ms - 68[39m
[35m[HTTP][39m [90m[39m
[35m[HTTP][39m [37m-->[39m [37mGET[39m [37m/wd/hub/status[39m
[35m[HTTP][39m [90m{}[39m
[35m[HTTP][39m [37m<-- GET /wd/hub/status [39m[32m200[39m [90m4 ms - 68[39m
[35m[HTTP][39m [90m[39m
[35m[HTTP][39m [37m-->[39m [37mPOST[39m [37m/wd/hub/session[39m
[35m[HTTP][39m [90m{"desiredCapabilities":{"appActivity":".Settings","appPackage":"com.android.settings","newCommandTimeout":1800,"platformVersion":"12","automationName":"uiautomator2","autoGrantPermissions":true,"platformName":"Android","udid":"794f5e71","deviceName":"Xiaomi Redmi Note 9S (Android 12)","platform":"ANDROID","systemPort":8244},"capabilities":{"firstMatch":[{"appium:appActivity":".Settings","appium:appPackage":"com.android.settings","appium:autoGrantPermissions":true,"appium:automationName":"uiautomator2","appium:deviceName":"Xiaomi Redmi Note 9S (Android 12)","appium:newCommandTimeout":1800,"platform":"ANDROID","platformName":"android","appium:platformVersion":"12","appium:systemPort":8244,"appium:udid":"794f5e71"}]}}[39m
[35m[BaseDriver][39m The capabilities ["platform"] are not standard capabilities and should have an extension prefix
[35m[Appium][39m Creating new AndroidUiautomator2Driver (v1.24.0) session
[35m[Appium][39m Capabilities:
[35m[Appium][39m   platform: ANDROID
[35m[Appium][39m   platformName: android
[35m[Appium][39m   appActivity: .Settings
[35m[Appium][39m   appPackage: com.android.settings
[35m[Appium][39m   autoGrantPermissions: true
[35m[Appium][39m   automationName: uiautomator2
[35m[Appium][39m   deviceName: Xiaomi Redmi Note 9S (Android 12)
[35m[Appium][39m   newCommandTimeout: 1800
[35m[Appium][39m   platformVersion: 12
[35m[Appium][39m   systemPort: 8244
[35m[Appium][39m   udid: 794f5e71
[35m[BaseDriver][39m The following capabilities were provided, but are not recognized by appium: platform.
[35m[BaseDriver][39m Session created with session id: a5567adf-cfff-469d-b216-197459a196dd
[35m[AndroidDriver][39m Java version is: 1.8.0_362
[35m[ADB][39m Checking whether adb is present
[35m[ADB][39m Found 2 'build-tools' folders under 'C:\Users\Jose\AppData\Local\Android\Sdk' (newest first):
[35m[ADB][39m     C:/Users/Jose/AppData/Local/Android/Sdk/build-tools/34.0.0
[35m[ADB][39m     C:/Users/Jose/AppData/Local/Android/Sdk/build-tools/30.0.3
[35m[ADB][39m Using adb.exe from C:\Users\Jose\AppData\Local\Android\Sdk\platform-tools\adb.exe
[35m[AndroidDriver][39m Retrieving device list
[35m[AndroidDriver][39m Using device: 794f5e71
[35m[UiAutomator2][39m Relaxing hidden api policy
[35m[AndroidDriver][39m No app sent in, not parsing package/activity
[35m[ADB][39m Using apksigner.bat from C:\Users\Jose\AppData\Local\Android\Sdk\build-tools\34.0.0\apksigner.bat
[35m[ADB][39m Checking whether aapt is present
[35m[ADB][39m Using aapt.exe from C:\Users\Jose\AppData\Local\Android\Sdk\build-tools\34.0.0\aapt.exe
[35m[ADB][39m Cannot read version codes of 'C:\Users\Jose\AppData\Roaming\npm\node_modules\appium\node_modules\appium-uiautomator2-server\apks\appium-uiautomator2-server-debug-androidTest.apk' and/or 'io.appium.uiautomator2.server.test'
[35m[ADB][39m Cannot read version names of 'C:\Users\Jose\AppData\Roaming\npm\node_modules\appium\node_modules\appium-uiautomator2-server\apks\appium-uiautomator2-server-debug-androidTest.apk' and/or 'io.appium.uiautomator2.server.test'. Assuming correct app version is already installed
[35m[AndroidDriver][39m setDeviceLanguageCountry requires language or country.
[35m[AndroidDriver][39m Got language: 'null' and country: 'null'
[35m[ADB][39m com.android.settings contains no permissions available for granting
[35m[UiAutomator2][39m Starting uiautomator2 server 2.7.0
[35m[UiAutomator2][39m Using UIAutomator2 server from 'C:\Users\Jose\AppData\Roaming\npm\node_modules\appium\node_modules\appium-uiautomator2-server\apks\appium-uiautomator2-server-v2.7.0.apk' and test from 'C:\Users\Jose\AppData\Roaming\npm\node_modules\appium\node_modules\appium-uiautomator2-server\apks\appium-uiautomator2-server-debug-androidTest.apk'
[35m[UiAutomator2][39m Running command: 'adb -s 794f5e71 shell am instrument -w io.appium.uiautomator2.server.test/android.support.test.runner.AndroidJUnitRunner'
[35m[UiAutomator2][39m Waiting up to 20000ms for UiAutomator2 to be online...
[35m[JSONWP Proxy][39m Got an unexpected response: {"code":"ECONNRESET"}
[35m[JSONWP Proxy][39m Got an unexpected response: {"code":"ECONNRESET"}
[35m[JSONWP Proxy][39m Got an unexpected response: {"code":"ECONNRESET"}
[35m[JSONWP Proxy][39m Got an unexpected response: {"code":"ECONNRESET"}
[35m[JSONWP Proxy][39m Got an unexpected response: {"code":"ECONNRESET"}
[35m[JSONWP Proxy][39m Got an unexpected response: {"code":"ECONNRESET"}
[35m[JSONWP Proxy][39m Got an unexpected response: {"code":"ECONNRESET"}
[35m[AndroidDriver][39m Screen already unlocked, doing nothing
[35m[UiAutomator2][39m UiAutomator2 did not start the activity we were waiting for, 'com.android.settings/.Settings'. Starting it ourselves
[35m[Appium][39m New AndroidUiautomator2Driver session created successfully, session a5567adf-cfff-469d-b216-197459a196dd added to master session list
[35m[HTTP][39m [37m<-- POST /wd/hub/session [39m[32m200[39m [90m17075 ms - 1105[39m
[35m[HTTP][39m [90m[39m
[35m[HTTP][39m [37m-->[39m [37mGET[39m [37m/wd/hub/session/a5567adf-cfff-469d-b216-197459a196dd[39m
[35m[HTTP][39m [90m{}[39m
[35m[HTTP][39m [37m<-- GET /wd/hub/session/a5567adf-cfff-469d-b216-197459a196dd [39m[32m200[39m [90m39 ms - 1037[39m
[35m[HTTP][39m [90m[39m
[35m[HTTP][39m [37m-->[39m [37mGET[39m [37m/wd/hub/session/a5567adf-cfff-469d-b216-197459a196dd[39m
[35m[HTTP][39m [90m{}[39m
[35m[HTTP][39m [37m<-- GET /wd/hub/session/a5567adf-cfff-469d-b216-197459a196dd [39m[32m200[39m [90m19 ms - 1037[39m
[35m[HTTP][39m [90m[39m
[35m[HTTP][39m [37m-->[39m [37mGET[39m [37m/wd/hub/status[39m
[35m[HTTP][39m [90m{}[39m
[35m[HTTP][39m [37m<-- GET /wd/hub/status [39m[32m200[39m [90m2 ms - 68[39m
[35m[HTTP][39m [90m[39m
[35m[HTTP][39m [37m-->[39m [37mPOST[39m [37m/wd/hub/session/a5567adf-cfff-469d-b216-197459a196dd/timeouts[39m
[35m[HTTP][39m [90m{"implicit":60000}[39m
[35m[HTTP][39m [37m<-- POST /wd/hub/session/a5567adf-cfff-469d-b216-197459a196dd/timeouts [39m[32m200[39m [90m9 ms - 14[39m
[35m[HTTP][39m [90m[39m
[35m[HTTP][39m [37m-->[39m [37mGET[39m [37m/wd/hub/session/a5567adf-cfff-469d-b216-197459a196dd/screenshot[39m
[35m[HTTP][39m [90m{}[39m
[35m[HTTP][39m [37m<-- GET /wd/hub/session/a5567adf-cfff-469d-b216-197459a196dd/screenshot [39m[32m200[39m [90m466 ms - 195904[39m
[35m[HTTP][39m [90m[39m
[35m[HTTP][39m [37m-->[39m [37mGET[39m [37m/wd/hub/session/a5567adf-cfff-469d-b216-197459a196dd/window/rect[39m
[35m[HTTP][39m [90m{}[39m
[35m[HTTP][39m [37m<-- GET /wd/hub/session/a5567adf-cfff-469d-b216-197459a196dd/window/rect [39m[32m200[39m [90m59 ms - 50[39m
[35m[HTTP][39m [90m[39m
[35m[HTTP][39m [37m-->[39m [37mGET[39m [37m/wd/hub/session/a5567adf-cfff-469d-b216-197459a196dd/appium/device/system_bars[39m
[35m[HTTP][39m [90m{}[39m
[35m[HTTP][39m [37m<-- GET /wd/hub/session/a5567adf-cfff-469d-b216-197459a196dd/appium/device/system_bars [39m[31m500[39m [90m245 ms - 645[39m
[35m[HTTP][39m [90m[39m
[35m[HTTP][39m [37m-->[39m [37mPOST[39m [37m/wd/hub/session/a5567adf-cfff-469d-b216-197459a196dd/execute/sync[39m
[35m[HTTP][39m [90m{"script":"mobile:viewportRect","args":[]}[39m
[35m[HTTP][39m [37m<-- POST /wd/hub/session/a5567adf-cfff-469d-b216-197459a196dd/execute/sync [39m[33m404[39m [90m17 ms - 2374[39m
[35m[HTTP][39m [90m[39m
[35m[HTTP][39m [37m-->[39m [37mPOST[39m [37m/wd/hub/session/a5567adf-cfff-469d-b216-197459a196dd/appium/device/activate_app[39m
[35m[HTTP][39m [90m{"bundleId":"com.cybercapitalparnerscorp.venchat.develop"}[39m
[35m[HTTP][39m [37m<-- POST /wd/hub/session/a5567adf-cfff-469d-b216-197459a196dd/appium/device/activate_app [39m[32m200[39m [90m3686 ms - 14[39m
[35m[HTTP][39m [90m[39m
[35m[HTTP][39m [37m-->[39m [37mGET[39m [37m/wd/hub/session/a5567adf-cfff-469d-b216-197459a196dd/source[39m
[35m[HTTP][39m [90m{}[39m
[35m[W3C (a5567adf)][39m Driver proxy active, passing request on via HTTP proxy
[35m[JSONWP Proxy][39m Replacing sessionId 5ccb679e-0efa-4ede-ab70-46375ad24ddf with a5567adf-cfff-469d-b216-197459a196dd
[35m[HTTP][39m [37m<-- GET /wd/hub/session/a5567adf-cfff-469d-b216-197459a196dd/source [39m[32m200[39m [90m458 ms - 9543[39m
[35m[HTTP][39m [90m[39m
[35m[HTTP][39m [37m-->[39m [37mGET[39m [37m/wd/hub/session/a5567adf-cfff-469d-b216-197459a196dd/screenshot[39m
[35m[HTTP][39m [90m{}[39m
[35m[HTTP][39m [37m<-- GET /wd/hub/session/a5567adf-cfff-469d-b216-197459a196dd/screenshot [39m[32m200[39m [90m296 ms - 160078[39m
[35m[HTTP][39m [90m[39m
[35m[HTTP][39m [37m-->[39m [37mGET[39m [37m/wd/hub/session/a5567adf-cfff-469d-b216-197459a196dd/source[39m
[35m[HTTP][39m [90m{}[39m
[35m[W3C (a5567adf)][39m Driver proxy active, passing request on via HTTP proxy
[35m[JSONWP Proxy][39m Replacing sessionId 5ccb679e-0efa-4ede-ab70-46375ad24ddf with a5567adf-cfff-469d-b216-197459a196dd
[35m[HTTP][39m [37m<-- GET /wd/hub/session/a5567adf-cfff-469d-b216-197459a196dd/source [39m[32m200[39m [90m75 ms - 6701[39m
[35m[HTTP][39m [90m[39m
[35m[HTTP][39m [37m-->[39m [37mGET[39m [37m/wd/hub/session/a5567adf-cfff-469d-b216-197459a196dd/screenshot[39m
[35m[HTTP][39m [90m{}[39m
[35m[HTTP][39m [37m<-- GET /wd/hub/session/a5567adf-cfff-469d-b216-197459a196dd/screenshot [39m[32m200[39m [90m969 ms - 1168720[39m
[35m[HTTP][39m [90m[39m
[35m[HTTP][39m [37m-->[39m [37mPOST[39m [37m/wd/hub/session/a5567adf-cfff-469d-b216-197459a196dd/elements[39m
[35m[HTTP][39m [90m{"using":"xpath","value":"//*[@class = 'android.widget.Button' and @resource-id = '' and (@text = '' or . = '')]"}[39m
[35m[HTTP][39m [37m<-- POST /wd/hub/session/a5567adf-cfff-469d-b216-197459a196dd/elements [39m[32m200[39m [90m9218 ms - 90[39m
[35m[HTTP][39m [90m[39m
[35m[HTTP][39m [37m-->[39m [37mPOST[39m [37m/wd/hub/session/a5567adf-cfff-469d-b216-197459a196dd/elements[39m
[35m[HTTP][39m [90m{"using":"xpath","value":"//*[@class = 'android.widget.ImageView' and @resource-id = '' and (@text = '' or . = '')]"}[39m
[35m[HTTP][39m [37m<-- POST /wd/hub/session/a5567adf-cfff-469d-b216-197459a196dd/elements [39m[32m200[39m [90m156 ms - 248[39m
[35m[HTTP][39m [90m[39m
[35m[HTTP][39m [37m-->[39m [37mPOST[39m [37m/wd/hub/session/a5567adf-cfff-469d-b216-197459a196dd/elements[39m
[35m[HTTP][39m [90m{"using":"-android uiautomator","value":"new UiSelector().className(\"android.widget.ImageView\").resourceId(\"\")"}[39m
[35m[HTTP][39m [37m<-- POST /wd/hub/session/a5567adf-cfff-469d-b216-197459a196dd/elements [39m[32m200[39m [90m637 ms - 248[39m
[35m[HTTP][39m [90m[39m
[35m[HTTP][39m [37m-->[39m [37mPOST[39m [37m/wd/hub/session/a5567adf-cfff-469d-b216-197459a196dd/elements[39m
[35m[HTTP][39m [90m{"using":"xpath","value":"//*[@class = 'android.view.View' and @resource-id = '' and (@text = '' or . = '')]"}[39m
[35m[HTTP][39m [37m<-- POST /wd/hub/session/a5567adf-cfff-469d-b216-197459a196dd/elements [39m[32m200[39m [90m118 ms - 1038[39m
[35m[HTTP][39m [90m[39m
[35m[HTTP][39m [37m-->[39m [37mPOST[39m [37m/wd/hub/session/a5567adf-cfff-469d-b216-197459a196dd/elements[39m
[35m[HTTP][39m [90m{"using":"accessibility id","value":"Llamando"}[39m
[35m[HTTP][39m [37m<-- POST /wd/hub/session/a5567adf-cfff-469d-b216-197459a196dd/elements [39m[32m200[39m [90m60237 ms - 12[39m
[35m[HTTP][39m [90m[39m
[35m[HTTP][39m [37m-->[39m [37mPOST[39m [37m/wd/hub/session/a5567adf-cfff-469d-b216-197459a196dd/elements[39m
[35m[HTTP][39m [90m{"using":"-android uiautomator","value":"new UiSelector().className(\"android.view.View\").resourceId(\"\")"}[39m
[35m[HTTP][39m [37m<-- POST /wd/hub/session/a5567adf-cfff-469d-b216-197459a196dd/elements [39m[32m200[39m [90m212 ms - 1038[39m
[35m[HTTP][39m [90m[39m
[35m[HTTP][39m [37m-->[39m [37mDELETE[39m [37m/wd/hub/session/a5567adf-cfff-469d-b216-197459a196dd[39m
[35m[HTTP][39m [90m{}[39m
[35m[Appium][39m Removing session a5567adf-cfff-469d-b216-197459a196dd from our master session list
[35m[UiAutomator2][39m Restoring hidden api policy to the device default configuration
[35m[HTTP][39m [37m<-- DELETE /wd/hub/session/a5567adf-cfff-469d-b216-197459a196dd [39m[32m200[39m [90m776 ms - 14[39m
[35m[HTTP][39m [90m[39m
